file /home/eunseok/Desktop/SharedFolder/2016/IoTivity/iotivity_1.2-rel/build_common/SConscript,line 448:
	Configure(confdir = .sconf_temp)
scons: Configure: Checking for POSIX Thread Support...
scons: Configure: ".sconf_temp/conftest_0.c" is up to date.
scons: Configure: The original builder output was:
  |.sconf_temp/conftest_0.c <-
  |  |
  |  |#if !defined(__GNUC__)
  |  |#  error "Not the GCC C compiler."
  |  |#endif
  |  |
  |  |int foo(void)
  |  |{
  |  |    return 0;
  |  |}
  |  |
  |
scons: Configure: ".sconf_temp/conftest_0.o" is up to date.
scons: Configure: The original builder output was:
  |Compiling .sconf_temp/conftest_0.o
  |
scons: Configure: ".sconf_temp/conftest_1.c" is up to date.
scons: Configure: The original builder output was:
  |.sconf_temp/conftest_1.c <-
  |  |
  |  |#include <unistd.h>
  |  |#include <pthread.h>
  |  |int main()
  |  |{
  |  |    #ifndef _POSIX_THREADS
  |  |    # error POSIX Threads support not available
  |  |    #endif
  |  |    return 0;
  |  |}
  |  |
  |
scons: Configure: ".sconf_temp/conftest_1.o" is up to date.
scons: Configure: The original builder output was:
  |Compiling .sconf_temp/conftest_1.o
  |
scons: Configure: (cached) yes


file /home/eunseok/Desktop/SharedFolder/2016/IoTivity/iotivity_1.2-rel/resource/c_common/SConscript,line 34:
	Configure(confdir = .sconf_temp)
scons: Configure: Checking for C++ header file arpa/inet.h... 
scons: Configure: ".sconf_temp/conftest_2.cpp" is up to date.
scons: Configure: The original builder output was:
  |.sconf_temp/conftest_2.cpp <-
  |  |
  |  |#include "arpa/inet.h"
  |  |
  |  |
  |
scons: Configure: ".sconf_temp/conftest_2.o" is up to date.
scons: Configure: The original builder output was:
  |Compiling .sconf_temp/conftest_2.o
  |
scons: Configure: (cached) yes

scons: Configure: Checking for C++ header file fcntl.h... 
scons: Configure: ".sconf_temp/conftest_3.cpp" is up to date.
scons: Configure: The original builder output was:
  |.sconf_temp/conftest_3.cpp <-
  |  |
  |  |#include "fcntl.h"
  |  |
  |  |
  |
scons: Configure: ".sconf_temp/conftest_3.o" is up to date.
scons: Configure: The original builder output was:
  |Compiling .sconf_temp/conftest_3.o
  |
scons: Configure: (cached) yes

scons: Configure: Checking for C++ header file grp.h... 
scons: Configure: ".sconf_temp/conftest_4.cpp" is up to date.
scons: Configure: The original builder output was:
  |.sconf_temp/conftest_4.cpp <-
  |  |
  |  |#include "grp.h"
  |  |
  |  |
  |
scons: Configure: ".sconf_temp/conftest_4.o" is up to date.
scons: Configure: The original builder output was:
  |Compiling .sconf_temp/conftest_4.o
  |
scons: Configure: (cached) yes

scons: Configure: Checking for C++ header file in6addr.h... 
scons: Configure: ".sconf_temp/conftest_5.cpp" is up to date.
scons: Configure: The original builder output was:
  |.sconf_temp/conftest_5.cpp <-
  |  |
  |  |#include "in6addr.h"
  |  |
  |  |
  |
scons: Configure: Building ".sconf_temp/conftest_5.o" failed in a previous run and all its sources are up to date.
scons: Configure: The original builder output was:
  |Compiling .sconf_temp/conftest_5.o
  |
scons: Configure: (cached) no

scons: Configure: Checking for C++ header file linux/limits.h... 
scons: Configure: ".sconf_temp/conftest_6.cpp" is up to date.
scons: Configure: The original builder output was:
  |.sconf_temp/conftest_6.cpp <-
  |  |
  |  |#include "linux/limits.h"
  |  |
  |  |
  |
scons: Configure: ".sconf_temp/conftest_6.o" is up to date.
scons: Configure: The original builder output was:
  |Compiling .sconf_temp/conftest_6.o
  |
scons: Configure: (cached) yes

scons: Configure: Checking for C++ header file memory.h... 
scons: Configure: ".sconf_temp/conftest_7.cpp" is up to date.
scons: Configure: The original builder output was:
  |.sconf_temp/conftest_7.cpp <-
  |  |
  |  |#include "memory.h"
  |  |
  |  |
  |
scons: Configure: ".sconf_temp/conftest_7.o" is up to date.
scons: Configure: The original builder output was:
  |Compiling .sconf_temp/conftest_7.o
  |
scons: Configure: (cached) yes

scons: Configure: Checking for C++ header file netdb.h... 
scons: Configure: ".sconf_temp/conftest_8.cpp" is up to date.
scons: Configure: The original builder output was:
  |.sconf_temp/conftest_8.cpp <-
  |  |
  |  |#include "netdb.h"
  |  |
  |  |
  |
scons: Configure: ".sconf_temp/conftest_8.o" is up to date.
scons: Configure: The original builder output was:
  |Compiling .sconf_temp/conftest_8.o
  |
scons: Configure: (cached) yes

scons: Configure: Checking for C++ header file netinet/in.h... 
scons: Configure: ".sconf_temp/conftest_9.cpp" is up to date.
scons: Configure: The original builder output was:
  |.sconf_temp/conftest_9.cpp <-
  |  |
  |  |#include "netinet/in.h"
  |  |
  |  |
  |
scons: Configure: ".sconf_temp/conftest_9.o" is up to date.
scons: Configure: The original builder output was:
  |Compiling .sconf_temp/conftest_9.o
  |
scons: Configure: (cached) yes

scons: Configure: Checking for C++ header file pthread.h... 
scons: Configure: ".sconf_temp/conftest_10.cpp" is up to date.
scons: Configure: The original builder output was:
  |.sconf_temp/conftest_10.cpp <-
  |  |
  |  |#include "pthread.h"
  |  |
  |  |
  |
scons: Configure: ".sconf_temp/conftest_10.o" is up to date.
scons: Configure: The original builder output was:
  |Compiling .sconf_temp/conftest_10.o
  |
scons: Configure: (cached) yes

scons: Configure: Checking for C++ header file pwd.h... 
scons: Configure: ".sconf_temp/conftest_11.cpp" is up to date.
scons: Configure: The original builder output was:
  |.sconf_temp/conftest_11.cpp <-
  |  |
  |  |#include "pwd.h"
  |  |
  |  |
  |
scons: Configure: ".sconf_temp/conftest_11.o" is up to date.
scons: Configure: The original builder output was:
  |Compiling .sconf_temp/conftest_11.o
  |
scons: Configure: (cached) yes

scons: Configure: Checking for C++ header file stdlib.h... 
scons: Configure: ".sconf_temp/conftest_12.cpp" is up to date.
scons: Configure: The original builder output was:
  |.sconf_temp/conftest_12.cpp <-
  |  |
  |  |#include "stdlib.h"
  |  |
  |  |
  |
scons: Configure: ".sconf_temp/conftest_12.o" is up to date.
scons: Configure: The original builder output was:
  |Compiling .sconf_temp/conftest_12.o
  |
scons: Configure: (cached) yes

scons: Configure: Checking for C++ header file string.h... 
scons: Configure: ".sconf_temp/conftest_13.cpp" is up to date.
scons: Configure: The original builder output was:
  |.sconf_temp/conftest_13.cpp <-
  |  |
  |  |#include "string.h"
  |  |
  |  |
  |
scons: Configure: ".sconf_temp/conftest_13.o" is up to date.
scons: Configure: The original builder output was:
  |Compiling .sconf_temp/conftest_13.o
  |
scons: Configure: (cached) yes

scons: Configure: Checking for C++ header file strings.h... 
scons: Configure: ".sconf_temp/conftest_14.cpp" is up to date.
scons: Configure: The original builder output was:
  |.sconf_temp/conftest_14.cpp <-
  |  |
  |  |#include "strings.h"
  |  |
  |  |
  |
scons: Configure: ".sconf_temp/conftest_14.o" is up to date.
scons: Configure: The original builder output was:
  |Compiling .sconf_temp/conftest_14.o
  |
scons: Configure: (cached) yes

scons: Configure: Checking for C++ header file sys/socket.h... 
scons: Configure: ".sconf_temp/conftest_15.cpp" is up to date.
scons: Configure: The original builder output was:
  |.sconf_temp/conftest_15.cpp <-
  |  |
  |  |#include "sys/socket.h"
  |  |
  |  |
  |
scons: Configure: ".sconf_temp/conftest_15.o" is up to date.
scons: Configure: The original builder output was:
  |Compiling .sconf_temp/conftest_15.o
  |
scons: Configure: (cached) yes

scons: Configure: Checking for C++ header file sys/stat.h... 
scons: Configure: ".sconf_temp/conftest_16.cpp" is up to date.
scons: Configure: The original builder output was:
  |.sconf_temp/conftest_16.cpp <-
  |  |
  |  |#include "sys/stat.h"
  |  |
  |  |
  |
scons: Configure: ".sconf_temp/conftest_16.o" is up to date.
scons: Configure: The original builder output was:
  |Compiling .sconf_temp/conftest_16.o
  |
scons: Configure: (cached) yes

scons: Configure: Checking for C++ header file sys/time.h... 
scons: Configure: ".sconf_temp/conftest_17.cpp" is up to date.
scons: Configure: The original builder output was:
  |.sconf_temp/conftest_17.cpp <-
  |  |
  |  |#include "sys/time.h"
  |  |
  |  |
  |
scons: Configure: ".sconf_temp/conftest_17.o" is up to date.
scons: Configure: The original builder output was:
  |Compiling .sconf_temp/conftest_17.o
  |
scons: Configure: (cached) yes

scons: Configure: Checking for C++ header file sys/timeb.h... 
scons: Configure: ".sconf_temp/conftest_18.cpp" is up to date.
scons: Configure: The original builder output was:
  |.sconf_temp/conftest_18.cpp <-
  |  |
  |  |#include "sys/timeb.h"
  |  |
  |  |
  |
scons: Configure: ".sconf_temp/conftest_18.o" is up to date.
scons: Configure: The original builder output was:
  |Compiling .sconf_temp/conftest_18.o
  |
scons: Configure: (cached) yes

scons: Configure: Checking for C++ header file sys/types.h... 
scons: Configure: ".sconf_temp/conftest_19.cpp" is up to date.
scons: Configure: The original builder output was:
  |.sconf_temp/conftest_19.cpp <-
  |  |
  |  |#include "sys/types.h"
  |  |
  |  |
  |
scons: Configure: ".sconf_temp/conftest_19.o" is up to date.
scons: Configure: The original builder output was:
  |Compiling .sconf_temp/conftest_19.o
  |
scons: Configure: (cached) yes

scons: Configure: Checking for C++ header file sys/unistd.h... 
scons: Configure: ".sconf_temp/conftest_20.cpp" is up to date.
scons: Configure: The original builder output was:
  |.sconf_temp/conftest_20.cpp <-
  |  |
  |  |#include "sys/unistd.h"
  |  |
  |  |
  |
scons: Configure: ".sconf_temp/conftest_20.o" is up to date.
scons: Configure: The original builder output was:
  |Compiling .sconf_temp/conftest_20.o
  |
scons: Configure: (cached) yes

scons: Configure: Checking for C++ header file syslog.h... 
scons: Configure: ".sconf_temp/conftest_21.cpp" is up to date.
scons: Configure: The original builder output was:
  |.sconf_temp/conftest_21.cpp <-
  |  |
  |  |#include "syslog.h"
  |  |
  |  |
  |
scons: Configure: ".sconf_temp/conftest_21.o" is up to date.
scons: Configure: The original builder output was:
  |Compiling .sconf_temp/conftest_21.o
  |
scons: Configure: (cached) yes

scons: Configure: Checking for C++ header file time.h... 
scons: Configure: ".sconf_temp/conftest_22.cpp" is up to date.
scons: Configure: The original builder output was:
  |.sconf_temp/conftest_22.cpp <-
  |  |
  |  |#include "time.h"
  |  |
  |  |
  |
scons: Configure: ".sconf_temp/conftest_22.o" is up to date.
scons: Configure: The original builder output was:
  |Compiling .sconf_temp/conftest_22.o
  |
scons: Configure: (cached) yes

scons: Configure: Checking for C++ header file unistd.h... 
scons: Configure: ".sconf_temp/conftest_23.cpp" is up to date.
scons: Configure: The original builder output was:
  |.sconf_temp/conftest_23.cpp <-
  |  |
  |  |#include "unistd.h"
  |  |
  |  |
  |
scons: Configure: ".sconf_temp/conftest_23.o" is up to date.
scons: Configure: The original builder output was:
  |Compiling .sconf_temp/conftest_23.o
  |
scons: Configure: (cached) yes

scons: Configure: Checking for C++ header file uuid/uuid.h... 
scons: Configure: ".sconf_temp/conftest_24.cpp" is up to date.
scons: Configure: The original builder output was:
  |.sconf_temp/conftest_24.cpp <-
  |  |
  |  |#include "uuid/uuid.h"
  |  |
  |  |
  |
scons: Configure: ".sconf_temp/conftest_24.o" is up to date.
scons: Configure: The original builder output was:
  |Compiling .sconf_temp/conftest_24.o
  |
scons: Configure: (cached) yes

scons: Configure: Checking for C++ header file windows.h... 
scons: Configure: ".sconf_temp/conftest_25.cpp" is up to date.
scons: Configure: The original builder output was:
  |.sconf_temp/conftest_25.cpp <-
  |  |
  |  |#include "windows.h"
  |  |
  |  |
  |
scons: Configure: Building ".sconf_temp/conftest_25.o" failed in a previous run and all its sources are up to date.
scons: Configure: The original builder output was:
  |Compiling .sconf_temp/conftest_25.o
  |
scons: Configure: (cached) no

scons: Configure: Checking for C++ header file winsock2.h... 
scons: Configure: ".sconf_temp/conftest_26.cpp" is up to date.
scons: Configure: The original builder output was:
  |.sconf_temp/conftest_26.cpp <-
  |  |
  |  |#include "winsock2.h"
  |  |
  |  |
  |
scons: Configure: Building ".sconf_temp/conftest_26.o" failed in a previous run and all its sources are up to date.
scons: Configure: The original builder output was:
  |Compiling .sconf_temp/conftest_26.o
  |
scons: Configure: (cached) no

scons: Configure: Checking for C++ header file ws2tcpip.h... 
scons: Configure: ".sconf_temp/conftest_27.cpp" is up to date.
scons: Configure: The original builder output was:
  |.sconf_temp/conftest_27.cpp <-
  |  |
  |  |#include "ws2tcpip.h"
  |  |
  |  |
  |
scons: Configure: Building ".sconf_temp/conftest_27.o" failed in a previous run and all its sources are up to date.
scons: Configure: The original builder output was:
  |Compiling .sconf_temp/conftest_27.o
  |
scons: Configure: (cached) no


file /home/eunseok/Desktop/SharedFolder/2016/IoTivity/iotivity_1.2-rel/resource/third_party_libs.scons,line 49:
	Configure(confdir = .sconf_temp)

file /home/eunseok/Desktop/SharedFolder/2016/IoTivity/iotivity_1.2-rel/resource/third_party_libs.scons,line 49:
	Configure(confdir = .sconf_temp)

file /home/eunseok/Desktop/SharedFolder/2016/IoTivity/iotivity_1.2-rel/resource/third_party_libs.scons,line 49:
	Configure(confdir = .sconf_temp)

file /home/eunseok/Desktop/SharedFolder/2016/IoTivity/iotivity_1.2-rel/resource/third_party_libs.scons,line 49:
	Configure(confdir = .sconf_temp)

file /home/eunseok/Desktop/SharedFolder/2016/IoTivity/iotivity_1.2-rel/resource/third_party_libs.scons,line 49:
	Configure(confdir = .sconf_temp)

file /home/eunseok/Desktop/SharedFolder/2016/IoTivity/iotivity_1.2-rel/resource/third_party_libs.scons,line 49:
	Configure(confdir = .sconf_temp)

